This file contains any messages produced by compilers while
running configure, to aid debugging if configure makes a mistake.

It was created by configure, which was
generated by GNU Autoconf 2.59.  Invocation command line was

  $ ./configure --prefix=/usr/local/lib/php/extensions/no-debug-non-zts-20060613/wsf_c --with-wsf --enable-openssl --with-axis2=/home/cteam/wsf/php2.0/php/wsf_c/axis2c/include --enable-tcp=yes --enable-tests=yes --enable-savan=no --with-xmpp --with-archive --prefix=/usr/local/lib/php/extensions/no-debug-non-zts-20060613/wsf_c --cache-file=/dev/null --srcdir=.

## --------- ##
## Platform. ##
## --------- ##

hostname = testc.lk.wso2.com
uname -m = x86_64
uname -r = 2.6.18-8.el5
uname -s = Linux
uname -v = #1 SMP Fri Jan 26 14:15:14 EST 2007

/usr/bin/uname -p = unknown
/bin/uname -X     = unknown

/bin/arch              = x86_64
/usr/bin/arch -k       = unknown
/usr/convex/getsysinfo = unknown
hostinfo               = unknown
/bin/machine           = unknown
/usr/bin/oslevel       = unknown
/bin/universe          = unknown

PATH: /usr/kerberos/sbin
PATH: /usr/kerberos/bin
PATH: /usr/local/sbin
PATH: /usr/local/bin
PATH: /sbin
PATH: /bin
PATH: /usr/sbin
PATH: /usr/bin
PATH: /root/bin


## ----------- ##
## Core tests. ##
## ----------- ##

configure:1486: checking for egrep
configure:1496: result: grep -E
configure:1501: checking for a sed that does not truncate output
configure:1555: result: /bin/sed
configure:1676: checking for gcc
configure:1692: found /usr/bin/gcc
configure:1702: result: gcc
configure:1946: checking for C compiler version
configure:1949: gcc --version </dev/null >&5
gcc (GCC) 4.1.1 20070105 (Red Hat 4.1.1-52)
Copyright (C) 2006 Free Software Foundation, Inc.
This is free software; see the source for copying conditions.  There is NO
warranty; not even for MERCHANTABILITY or FITNESS FOR A PARTICULAR PURPOSE.

configure:1952: $? = 0
configure:1954: gcc -v </dev/null >&5
Using built-in specs.
Target: x86_64-redhat-linux
Configured with: ../configure --prefix=/usr --mandir=/usr/share/man --infodir=/usr/share/info --enable-shared --enable-threads=posix --enable-checking=release --with-system-zlib --enable-__cxa_atexit --disable-libunwind-exceptions --enable-libgcj-multifile --enable-languages=c,c++,objc,obj-c++,java,fortran,ada --enable-java-awt=gtk --disable-dssi --enable-plugin --with-java-home=/usr/lib/jvm/java-1.4.2-gcj-1.4.2.0/jre --with-cpu=generic --host=x86_64-redhat-linux
Thread model: posix
gcc version 4.1.1 20070105 (Red Hat 4.1.1-52)
configure:1957: $? = 0
configure:1959: gcc -V </dev/null >&5
gcc: '-V' option must have argument
configure:1962: $? = 1
configure:1985: checking for C compiler default output file name
configure:1988: gcc    conftest.c  >&5
configure:1991: $? = 0
configure:2037: result: a.out
configure:2042: checking whether the C compiler works
configure:2048: ./a.out
configure:2051: $? = 0
configure:2068: result: yes
configure:2075: checking whether we are cross compiling
configure:2077: result: no
configure:2080: checking for suffix of executables
configure:2082: gcc -o conftest    conftest.c  >&5
configure:2085: $? = 0
configure:2110: result: 
configure:2116: checking for suffix of object files
configure:2137: gcc -c   conftest.c >&5
configure:2140: $? = 0
configure:2162: result: o
configure:2166: checking whether we are using the GNU C compiler
configure:2190: gcc -c   conftest.c >&5
configure:2196: $? = 0
configure:2200: test -z 
			 || test ! -s conftest.err
configure:2203: $? = 0
configure:2206: test -s conftest.o
configure:2209: $? = 0
configure:2222: result: yes
configure:2228: checking whether gcc accepts -g
configure:2249: gcc -c -g  conftest.c >&5
configure:2255: $? = 0
configure:2259: test -z 
			 || test ! -s conftest.err
configure:2262: $? = 0
configure:2265: test -s conftest.o
configure:2268: $? = 0
configure:2279: result: yes
configure:2296: checking for gcc option to accept ANSI C
configure:2366: gcc  -c -g -O2  conftest.c >&5
configure:2372: $? = 0
configure:2376: test -z 
			 || test ! -s conftest.err
configure:2379: $? = 0
configure:2382: test -s conftest.o
configure:2385: $? = 0
configure:2403: result: none needed
configure:2421: gcc -c -g -O2  conftest.c >&5
conftest.c:2: error: expected '=', ',', ';', 'asm' or '__attribute__' before 'me'
configure:2427: $? = 1
configure: failed program was:
| #ifndef __cplusplus
|   choke me
| #endif
configure:2561: checking whether gcc and cc understand -c and -o together
configure:2591: gcc -c conftest.c -o conftest.o >&5
configure:2594: $? = 0
configure:2596: gcc -c conftest.c -o conftest.o >&5
configure:2599: $? = 0
configure:2606: cc -c conftest.c >&5
configure:2609: $? = 0
configure:2612: cc -c conftest.c -o conftest.o >&5
configure:2615: $? = 0
configure:2617: cc -c conftest.c -o conftest.o >&5
configure:2620: $? = 0
configure:2638: result: yes
configure:2654: checking for system library directory
configure:2672: result: lib
configure:2680: checking if compiler supports -R
configure:2704: gcc -o conftest -g -O2   conftest.c -R /usr/lib  >&5
gcc: unrecognized option '-R'
/usr/lib: file not recognized: Is a directory
collect2: ld returned 1 exit status
configure:2710: $? = 1
configure: failed program was:
| /* confdefs.h.  */
| 
| #define PACKAGE_NAME ""
| #define PACKAGE_TARNAME ""
| #define PACKAGE_VERSION ""
| #define PACKAGE_STRING ""
| #define PACKAGE_BUGREPORT ""
| /* end confdefs.h.  */
| 
| int
| main ()
| {
| 
|   ;
|   return 0;
| }
configure:2737: result: no
configure:2742: checking if compiler supports -Wl,-rpath,
configure:2766: gcc -o conftest -g -O2   conftest.c -Wl,-rpath,/usr/lib  >&5
configure:2772: $? = 0
configure:2776: test -z 
			 || test ! -s conftest.err
configure:2779: $? = 0
configure:2782: test -s conftest
configure:2785: $? = 0
configure:2799: result: yes
configure:2842: checking build system type
configure:2860: result: x86_64-unknown-linux-gnu
configure:2868: checking host system type
configure:2882: result: x86_64-unknown-linux-gnu
configure:2890: checking target system type
configure:2904: result: x86_64-unknown-linux-gnu
configure:3002: checking for PHP prefix
configure:3004: result: /usr/local
configure:3006: checking for PHP includes
configure:3008: result: -I/usr/local/include/php -I/usr/local/include/php/main -I/usr/local/include/php/TSRM -I/usr/local/include/php/Zend -I/usr/local/include/php/ext -I/usr/local/include/php/ext/date/lib
configure:3010: checking for PHP extension directory
configure:3012: result: /usr/local/lib/php/extensions/no-debug-non-zts-20060613
configure:3014: checking for PHP installed headers prefix
configure:3016: result: /usr/local/include/php
configure:3060: checking for re2c
configure:3089: result: no
configure:3113: WARNING: You will need re2c 0.12.0 or later if you want to regenerate PHP parsers.
configure:3127: checking for gawk
configure:3144: found /bin/gawk
configure:3154: result: gawk
configure:3200: checking Whether to enable WSF/PHP Support
configure:3242: result: yes, shared
configure:4860: checking for ld used by gcc
configure:4927: result: /usr/bin/ld
configure:4936: checking if the linker (/usr/bin/ld) is GNU ld
configure:4951: result: yes
configure:4956: checking for /usr/bin/ld option to reload object files
configure:4963: result: -r
configure:4981: checking for BSD-compatible nm
configure:5023: result: /usr/bin/nm -B
configure:5027: checking whether ln -s works
configure:5031: result: yes
configure:5038: checking how to recognise dependent libraries
configure:5210: result: pass_all
configure:5291: gcc -c -g -O2  conftest.c >&5
configure:5294: $? = 0
configure:5422: checking how to run the C preprocessor
configure:5457: gcc -E  conftest.c
configure:5463: $? = 0
configure:5495: gcc -E  conftest.c
conftest.c:11:28: error: ac_nonexistent.h: No such file or directory
configure:5501: $? = 1
configure: failed program was:
| /* confdefs.h.  */
| 
| #define PACKAGE_NAME ""
| #define PACKAGE_TARNAME ""
| #define PACKAGE_VERSION ""
| #define PACKAGE_STRING ""
| #define PACKAGE_BUGREPORT ""
| #define HAVE_WSF 1
| #define COMPILE_DL_WSF 1
| /* end confdefs.h.  */
| #include <ac_nonexistent.h>
configure:5540: result: gcc -E
configure:5564: gcc -E  conftest.c
configure:5570: $? = 0
configure:5602: gcc -E  conftest.c
conftest.c:11:28: error: ac_nonexistent.h: No such file or directory
configure:5608: $? = 1
configure: failed program was:
| /* confdefs.h.  */
| 
| #define PACKAGE_NAME ""
| #define PACKAGE_TARNAME ""
| #define PACKAGE_VERSION ""
| #define PACKAGE_STRING ""
| #define PACKAGE_BUGREPORT ""
| #define HAVE_WSF 1
| #define COMPILE_DL_WSF 1
| /* end confdefs.h.  */
| #include <ac_nonexistent.h>
configure:5652: checking for ANSI C header files
configure:5677: gcc -c -g -O2  conftest.c >&5
configure:5683: $? = 0
configure:5687: test -z 
			 || test ! -s conftest.err
configure:5690: $? = 0
configure:5693: test -s conftest.o
configure:5696: $? = 0
configure:5785: gcc -o conftest -g -O2   conftest.c  >&5
conftest.c: In function 'main':
conftest.c:28: warning: incompatible implicit declaration of built-in function 'exit'
configure:5788: $? = 0
configure:5790: ./conftest
configure:5793: $? = 0
configure:5808: result: yes
configure:5832: checking for sys/types.h
configure:5848: gcc -c -g -O2  conftest.c >&5
configure:5854: $? = 0
configure:5858: test -z 
			 || test ! -s conftest.err
configure:5861: $? = 0
configure:5864: test -s conftest.o
configure:5867: $? = 0
configure:5878: result: yes
configure:5832: checking for sys/stat.h
configure:5848: gcc -c -g -O2  conftest.c >&5
configure:5854: $? = 0
configure:5858: test -z 
			 || test ! -s conftest.err
configure:5861: $? = 0
configure:5864: test -s conftest.o
configure:5867: $? = 0
configure:5878: result: yes
configure:5832: checking for stdlib.h
configure:5848: gcc -c -g -O2  conftest.c >&5
configure:5854: $? = 0
configure:5858: test -z 
			 || test ! -s conftest.err
configure:5861: $? = 0
configure:5864: test -s conftest.o
configure:5867: $? = 0
configure:5878: result: yes
configure:5832: checking for string.h
configure:5848: gcc -c -g -O2  conftest.c >&5
configure:5854: $? = 0
configure:5858: test -z 
			 || test ! -s conftest.err
configure:5861: $? = 0
configure:5864: test -s conftest.o
configure:5867: $? = 0
configure:5878: result: yes
configure:5832: checking for memory.h
configure:5848: gcc -c -g -O2  conftest.c >&5
configure:5854: $? = 0
configure:5858: test -z 
			 || test ! -s conftest.err
configure:5861: $? = 0
configure:5864: test -s conftest.o
configure:5867: $? = 0
configure:5878: result: yes
configure:5832: checking for strings.h
configure:5848: gcc -c -g -O2  conftest.c >&5
configure:5854: $? = 0
configure:5858: test -z 
			 || test ! -s conftest.err
configure:5861: $? = 0
configure:5864: test -s conftest.o
configure:5867: $? = 0
configure:5878: result: yes
configure:5832: checking for inttypes.h
configure:5848: gcc -c -g -O2  conftest.c >&5
configure:5854: $? = 0
configure:5858: test -z 
			 || test ! -s conftest.err
configure:5861: $? = 0
configure:5864: test -s conftest.o
configure:5867: $? = 0
configure:5878: result: yes
configure:5832: checking for stdint.h
configure:5848: gcc -c -g -O2  conftest.c >&5
configure:5854: $? = 0
configure:5858: test -z 
			 || test ! -s conftest.err
configure:5861: $? = 0
configure:5864: test -s conftest.o
configure:5867: $? = 0
configure:5878: result: yes
configure:5832: checking for unistd.h
configure:5848: gcc -c -g -O2  conftest.c >&5
configure:5854: $? = 0
configure:5858: test -z 
			 || test ! -s conftest.err
configure:5861: $? = 0
configure:5864: test -s conftest.o
configure:5867: $? = 0
configure:5878: result: yes
configure:5904: checking dlfcn.h usability
configure:5916: gcc -c -g -O2  conftest.c >&5
configure:5922: $? = 0
configure:5926: test -z 
			 || test ! -s conftest.err
configure:5929: $? = 0
configure:5932: test -s conftest.o
configure:5935: $? = 0
configure:5945: result: yes
configure:5949: checking dlfcn.h presence
configure:5959: gcc -E  conftest.c
configure:5965: $? = 0
configure:5985: result: yes
configure:6020: checking for dlfcn.h
configure:6027: result: yes
configure:6283: checking the maximum length of command line arguments
configure:6375: result: 32768
configure:6386: checking command to parse /usr/bin/nm -B output from gcc object
configure:6482: gcc -c -g -O2  conftest.c >&5
configure:6485: $? = 0
configure:6489: /usr/bin/nm -B conftest.o \| sed -n -e 's/^.*[ 	]\([ABCDGIRSTW][ABCDGIRSTW]*\)[ 	][ 	]*\([_A-Za-z][_A-Za-z0-9]*\)$/\1 \2 \2/p' \> conftest.nm
configure:6492: $? = 0
configure:6544: gcc -o conftest -g -O2   conftest.c conftstm.o >&5
configure:6547: $? = 0
configure:6585: result: ok
configure:6589: checking for objdir
configure:6604: result: .libs
configure:6694: checking for ar
configure:6710: found /usr/bin/ar
configure:6721: result: ar
configure:6774: checking for ranlib
configure:6790: found /usr/bin/ranlib
configure:6801: result: ranlib
configure:6854: checking for strip
configure:6870: found /usr/bin/strip
configure:6881: result: strip
configure:7170: checking if gcc static flag  works
configure:7198: result: yes
configure:7220: checking if gcc supports -fno-rtti -fno-exceptions
configure:7238: gcc -c -g -O2  -fno-rtti -fno-exceptions conftest.c >&5
cc1: warning: command line option "-fno-rtti" is valid for C++/ObjC++ but not for C
configure:7242: $? = 0
configure:7255: result: no
configure:7270: checking for gcc option to produce PIC
configure:7474: result: -fPIC
configure:7482: checking if gcc PIC flag -fPIC works
configure:7500: gcc -c -g -O2  -fPIC -DPIC conftest.c >&5
configure:7504: $? = 0
configure:7517: result: yes
configure:7541: checking if gcc supports -c -o file.o
configure:7562: gcc -c -g -O2  -o out/conftest2.o conftest.c >&5
configure:7566: $? = 0
configure:7588: result: yes
configure:7614: checking whether the gcc linker (/usr/bin/ld -m elf_x86_64) supports shared libraries
configure:8458: result: yes
configure:8484: checking whether -lc should be explicitly linked in
configure:8489: gcc -c -g -O2  conftest.c >&5
configure:8492: $? = 0
configure:8506: gcc -shared conftest.o  -v -Wl,-soname -Wl,conftest -o conftest 2\>\&1 \| grep  -lc  \>/dev/null 2\>\&1
configure:8509: $? = 0
configure:8521: result: no
configure:8529: checking dynamic linker characteristics
configure:8905: gcc -c -g -O2  conftest.c >&5
configure:8908: $? = 0
configure:9104: result: GNU/Linux ld.so
configure:9108: checking how to hardcode library paths into programs
configure:9133: result: immediate
configure:9147: checking whether stripping libraries is possible
configure:9152: result: yes
configure:9982: checking if libtool supports shared libraries
configure:9984: result: yes
configure:9987: checking whether to build shared libraries
configure:10008: result: yes
configure:10011: checking whether to build static libraries
configure:10015: result: no
configure:10108: result:
creating libtool
configure:14461: creating ./config.status

## ---------------------- ##
## Running config.status. ##
## ---------------------- ##

This file was extended by config.status, which was
generated by GNU Autoconf 2.59.  Invocation command line was

  CONFIG_FILES    = 
  CONFIG_HEADERS  = 
  CONFIG_LINKS    = 
  CONFIG_COMMANDS = 
  $ ./config.status 

on testc.lk.wso2.com

config.status:454: creating config.h
config.status:562: config.h is unchanged

## ---------------- ##
## Cache variables. ##
## ---------------- ##

ac_cv_build=x86_64-unknown-linux-gnu
ac_cv_build_alias=x86_64-unknown-linux-gnu
ac_cv_c_compiler_gnu=yes
ac_cv_env_CC_set=
ac_cv_env_CC_value=
ac_cv_env_CFLAGS_set=
ac_cv_env_CFLAGS_value=
ac_cv_env_CPPFLAGS_set=
ac_cv_env_CPPFLAGS_value=
ac_cv_env_CPP_set=
ac_cv_env_CPP_value=
ac_cv_env_CXXCPP_set=
ac_cv_env_CXXCPP_value=
ac_cv_env_LDFLAGS_set=
ac_cv_env_LDFLAGS_value=
ac_cv_env_build_alias_set=
ac_cv_env_build_alias_value=
ac_cv_env_host_alias_set=
ac_cv_env_host_alias_value=
ac_cv_env_target_alias_set=
ac_cv_env_target_alias_value=
ac_cv_exeext=
ac_cv_header_dlfcn_h=yes
ac_cv_header_inttypes_h=yes
ac_cv_header_memory_h=yes
ac_cv_header_stdc=yes
ac_cv_header_stdint_h=yes
ac_cv_header_stdlib_h=yes
ac_cv_header_string_h=yes
ac_cv_header_strings_h=yes
ac_cv_header_sys_stat_h=yes
ac_cv_header_sys_types_h=yes
ac_cv_header_unistd_h=yes
ac_cv_host=x86_64-unknown-linux-gnu
ac_cv_host_alias=x86_64-unknown-linux-gnu
ac_cv_objext=o
ac_cv_prog_AWK=gawk
ac_cv_prog_CPP='gcc -E'
ac_cv_prog_ac_ct_AR=ar
ac_cv_prog_ac_ct_CC=gcc
ac_cv_prog_ac_ct_RANLIB=ranlib
ac_cv_prog_ac_ct_STRIP=strip
ac_cv_prog_cc_g=yes
ac_cv_prog_cc_gcc_c_o=yes
ac_cv_prog_cc_stdc=
ac_cv_prog_egrep='grep -E'
ac_cv_target=x86_64-unknown-linux-gnu
ac_cv_target_alias=x86_64-unknown-linux-gnu
lt_cv_deplibs_check_method=pass_all
lt_cv_file_magic_cmd='$MAGIC_CMD'
lt_cv_file_magic_test_file=
lt_cv_ld_reload_flag=-r
lt_cv_objdir=.libs
lt_cv_path_LD=/usr/bin/ld
lt_cv_path_NM='/usr/bin/nm -B'
lt_cv_path_SED=/bin/sed
lt_cv_prog_compiler_c_o=yes
lt_cv_prog_compiler_rtti_exceptions=no
lt_cv_prog_gnu_ld=yes
lt_cv_sys_global_symbol_pipe='sed -n -e '\''s/^.*[ 	]\([ABCDGIRSTW][ABCDGIRSTW]*\)[ 	][ 	]*\([_A-Za-z][_A-Za-z0-9]*\)$/\1 \2 \2/p'\'''
lt_cv_sys_global_symbol_to_c_name_address='sed -n -e '\''s/^: \([^ ]*\) $/  {\"\1\", (lt_ptr) 0},/p'\'' -e '\''s/^[BCDEGRST] \([^ ]*\) \([^ ]*\)$/  {"\2", (lt_ptr) \&\2},/p'\'''
lt_cv_sys_global_symbol_to_cdecl='sed -n -e '\''s/^. .* \(.*\)$/extern int \1;/p'\'''
lt_cv_sys_max_cmd_len=32768
lt_lt_cv_prog_compiler_c_o='"yes"'
lt_lt_cv_sys_global_symbol_pipe='"sed -n -e '\''s/^.*[ 	]\\([ABCDGIRSTW][ABCDGIRSTW]*\\)[ 	][ 	]*\\([_A-Za-z][_A-Za-z0-9]*\\)\$/\\1 \\2 \\2/p'\''"'
lt_lt_cv_sys_global_symbol_to_c_name_address='"sed -n -e '\''s/^: \\([^ ]*\\) \$/  {\\\"\\1\\\", (lt_ptr) 0},/p'\'' -e '\''s/^[BCDEGRST] \\([^ ]*\\) \\([^ ]*\\)\$/  {\"\\2\", (lt_ptr) \\&\\2},/p'\''"'
lt_lt_cv_sys_global_symbol_to_cdecl='"sed -n -e '\''s/^. .* \\(.*\\)\$/extern int \\1;/p'\''"'
php_cv_cc_dashr=no
php_cv_cc_rpath=yes

## ----------------- ##
## Output variables. ##
## ----------------- ##

AR='ar'
AWK='gawk'
CC='gcc'
CFLAGS='-g -O2'
CONFIGURE_COMMAND=' './configure'  '--with-wsf' '--enable-openssl' '--with-axis2=/home/cteam/wsf/php2.0/php/wsf_c/axis2c/include' '--enable-tcp=yes' '--enable-tests=yes' '--enable-savan=no' '--with-xmpp' '--with-archive' '--prefix=/usr/local/lib/php/extensions/no-debug-non-zts-20060613/wsf_c' '--cache-file=/dev/null' '--srcdir=.''
CONFIGURE_OPTIONS=' '--with-wsf' '--enable-openssl' '--with-axis2=/home/cteam/wsf/php2.0/php/wsf_c/axis2c/include' '--enable-tcp=yes' '--enable-tests=yes' '--enable-savan=no' '--with-xmpp' '--with-archive' '--prefix=/usr/local/lib/php/extensions/no-debug-non-zts-20060613/wsf_c' '--cache-file=/dev/null' '--srcdir=.''
CPP='gcc -E'
CPPFLAGS=' -DHAVE_CONFIG_H'
CXXCPP=''
DEFS='-DHAVE_CONFIG_H'
ECHO='echo'
ECHO_C=''
ECHO_N='-n'
ECHO_T=''
EGREP='grep -E'
EXEEXT=''
LDFLAGS=''
LIBOBJS=''
LIBS=''
LIBTOOL='$(SHELL) $(top_builddir)/libtool'
LN_S='ln -s'
LTLIBOBJS=''
OBJEXT='o'
PACKAGE_BUGREPORT=''
PACKAGE_NAME=''
PACKAGE_STRING=''
PACKAGE_TARNAME=''
PACKAGE_VERSION=''
PATH_SEPARATOR=':'
RANLIB='ranlib'
RE2C='exit 0;'
SED='/bin/sed'
SHELL='/bin/sh'
SHLIB_DL_SUFFIX_NAME='so'
SHLIB_SUFFIX_NAME='so'
STRIP='strip'
ac_ct_AR='ar'
ac_ct_CC='gcc'
ac_ct_RANLIB='ranlib'
ac_ct_STRIP='strip'
bindir='${exec_prefix}/bin'
build='x86_64-unknown-linux-gnu'
build_alias=''
build_cpu='x86_64'
build_os='linux-gnu'
build_vendor='unknown'
datadir='${prefix}/share'
exec_prefix='$(prefix)'
host='x86_64-unknown-linux-gnu'
host_alias='x86_64-unknown-linux-gnu'
host_cpu='x86_64'
host_os='linux-gnu'
host_vendor='unknown'
includedir='${prefix}/include'
infodir='${prefix}/info'
libdir='${exec_prefix}/lib'
libexecdir='${exec_prefix}/libexec'
localstatedir='${prefix}/var'
mandir='${prefix}/man'
oldincludedir='/usr/include'
prefix='/usr/local'
program_transform_name='s,x,x,'
sbindir='${exec_prefix}/sbin'
sharedstatedir='${prefix}/com'
sysconfdir='${prefix}/etc'
target='x86_64-unknown-linux-gnu'
target_alias=''
target_cpu='x86_64'
target_os='linux-gnu'
target_vendor='unknown'

## ----------- ##
## confdefs.h. ##
## ----------- ##

#define COMPILE_DL_WSF 1
#define HAVE_DLFCN_H 1
#define HAVE_INTTYPES_H 1
#define HAVE_MEMORY_H 1
#define HAVE_STDINT_H 1
#define HAVE_STDLIB_H 1
#define HAVE_STRINGS_H 1
#define HAVE_STRING_H 1
#define HAVE_SYS_STAT_H 1
#define HAVE_SYS_TYPES_H 1
#define HAVE_UNISTD_H 1
#define HAVE_WSF 1
#define PACKAGE_BUGREPORT ""
#define PACKAGE_NAME ""
#define PACKAGE_STRING ""
#define PACKAGE_TARNAME ""
#define PACKAGE_VERSION ""
#define STDC_HEADERS 1

configure: exit 0
